2019-07-24 17:43:09> Program: Starting Squirrel Updater: --createShortcut GitHubDesktop.exe -l StartMenu,Desktop
2019-07-24 17:43:09> ApplyReleasesImpl: About to create shortcuts for GitHubDesktop.exe, rootAppDir C:\Users\Elif\AppData\Local\GitHubDesktop
2019-07-24 17:43:09> ApplyReleasesImpl: Creating shortcut for GitHubDesktop.exe => C:\Users\Elif\AppData\Roaming\Microsoft\Windows\Start Menu\Programs\GitHub, Inc.\GitHub Desktop.lnk
2019-07-24 17:43:09> ApplyReleasesImpl: About to save shortcut: C:\Users\Elif\AppData\Roaming\Microsoft\Windows\Start Menu\Programs\GitHub, Inc.\GitHub Desktop.lnk (target C:\Users\Elif\AppData\Local\GitHubDesktop\GitHubDesktop.exe, workingDir C:\Users\Elif\AppData\Local\GitHubDesktop\app-2.1.0, args , toastActivatorCSLID 27d44d0c-a542-5b90-bcdb-ac3126048ba2)
2019-07-24 17:43:09> ApplyReleasesImpl: Creating shortcut for GitHubDesktop.exe => C:\Users\Elif\Desktop\GitHub Desktop.lnk
2019-07-24 17:43:09> ApplyReleasesImpl: About to save shortcut: C:\Users\Elif\Desktop\GitHub Desktop.lnk (target C:\Users\Elif\AppData\Local\GitHubDesktop\GitHubDesktop.exe, workingDir C:\Users\Elif\AppData\Local\GitHubDesktop\app-2.1.0, args , toastActivatorCSLID 27d44d0c-a542-5b90-bcdb-ac3126048ba2)
2019-07-24 17:43:09> ApplyReleasesImpl: Examining Pin: File Explorer.lnk
2019-07-24 17:43:09> ApplyReleasesImpl: Examining Pin: Google Chrome.lnk
2019-07-24 17:43:09> ApplyReleasesImpl: Examining Pin: IDLE (Python 3.7 32-bit).lnk
2019-07-24 17:43:09> ApplyReleasesImpl: Examining Pin: Spotify.lnk
2019-07-24 17:43:13> Program: Starting Squirrel Updater: --checkForUpdate https://central.github.com/api/deployments/desktop/desktop/latest?version=2.1.0&env=production
2019-07-24 17:43:13> Program: Fetching update information, downloading from https://central.github.com/api/deployments/desktop/desktop/latest?version=2.1.0&env=production
2019-07-24 17:43:13> CheckForUpdateImpl: Generated new staging user ID: b4c60aa8-74a9-5d87-a60c-f26c4cfbfe72
2019-07-24 17:43:13> CheckForUpdateImpl: Downloading RELEASES file from https://central.github.com/api/deployments/desktop/desktop/latest?version=2.1.0&env=production
2019-07-24 17:43:13> FileDownloader: Downloading url: https://central.github.com/api/deployments/desktop/desktop/latest/RELEASES?version=2.1.0&env=production&id=GitHubDesktop&localVersion=2.1.0&arch=amd64
2019-07-25 08:09:30> Program: Starting Squirrel Updater: --checkForUpdate https://central.github.com/api/deployments/desktop/desktop/latest?version=2.1.0&env=production
2019-07-25 08:09:30> Program: Fetching update information, downloading from https://central.github.com/api/deployments/desktop/desktop/latest?version=2.1.0&env=production
2019-07-25 08:09:30> CheckForUpdateImpl: Using existing staging user ID: b4c60aa8-74a9-5d87-a60c-f26c4cfbfe72
2019-07-25 08:09:31> CheckForUpdateImpl: Downloading RELEASES file from https://central.github.com/api/deployments/desktop/desktop/latest?version=2.1.0&env=production
2019-07-25 08:09:31> FileDownloader: Downloading url: https://central.github.com/api/deployments/desktop/desktop/latest/RELEASES?version=2.1.0&env=production&id=GitHubDesktop&localVersion=2.1.0&arch=amd64
2019-07-25 08:09:31> IEnableLogger: Failed to download url: https://central.github.com/api/deployments/desktop/desktop/latest/RELEASES?version=2.1.0&env=production&id=GitHubDesktop&localVersion=2.1.0&arch=amd64: System.Net.WebException: Uzak ad çözülemedi: 'central.github.com'
   konum: System.Net.HttpWebRequest.EndGetResponse(IAsyncResult asyncResult)
   konum: System.Net.WebClient.GetWebResponse(WebRequest request, IAsyncResult result)
   konum: System.Net.WebClient.DownloadBitsResponseCallback(IAsyncResult result)
--- Özel durumun oluşturulduğu önceki konumdan başlayan yığın izlemesinin sonu ---
   konum: System.Runtime.CompilerServices.TaskAwaiter.ThrowForNonSuccess(Task task)
   konum: System.Runtime.CompilerServices.TaskAwaiter.HandleNonSuccessAndDebuggerNotification(Task task)
   konum: Squirrel.Utility.<LogIfThrows>d__38`1.MoveNext()
2019-07-25 08:09:31> FileDownloader: Downloading url: https://central.github.com/api/deployments/desktop/desktop/latest/releases?version=2.1.0&env=production&id=githubdesktop&localversion=2.1.0&arch=amd64
2019-07-25 08:09:31> IEnableLogger: Failed to download url: https://central.github.com/api/deployments/desktop/desktop/latest/releases?version=2.1.0&env=production&id=githubdesktop&localversion=2.1.0&arch=amd64: System.Net.WebException: Uzak ad çözülemedi: 'central.github.com'
   konum: System.Net.HttpWebRequest.EndGetResponse(IAsyncResult asyncResult)
   konum: System.Net.WebClient.GetWebResponse(WebRequest request, IAsyncResult result)
   konum: System.Net.WebClient.DownloadBitsResponseCallback(IAsyncResult result)
--- Özel durumun oluşturulduğu önceki konumdan başlayan yığın izlemesinin sonu ---
   konum: System.Runtime.CompilerServices.TaskAwaiter.ThrowForNonSuccess(Task task)
   konum: System.Runtime.CompilerServices.TaskAwaiter.HandleNonSuccessAndDebuggerNotification(Task task)
   konum: Squirrel.Utility.<LogIfThrows>d__38`1.MoveNext()
2019-07-25 08:09:31> CheckForUpdateImpl: Download resulted in WebException (returning blank release list): System.Net.WebException: Uzak ad çözülemedi: 'central.github.com'
   konum: System.Net.HttpWebRequest.EndGetResponse(IAsyncResult asyncResult)
   konum: System.Net.WebClient.GetWebResponse(WebRequest request, IAsyncResult result)
   konum: System.Net.WebClient.DownloadBitsResponseCallback(IAsyncResult result)
--- Özel durumun oluşturulduğu önceki konumdan başlayan yığın izlemesinin sonu ---
   konum: System.Runtime.CompilerServices.TaskAwaiter.ThrowForNonSuccess(Task task)
   konum: System.Runtime.CompilerServices.TaskAwaiter.HandleNonSuccessAndDebuggerNotification(Task task)
   konum: Squirrel.Utility.<LogIfThrows>d__38`1.MoveNext()
--- Özel durumun oluşturulduğu önceki konumdan başlayan yığın izlemesinin sonu ---
   konum: System.Runtime.CompilerServices.TaskAwaiter.ThrowForNonSuccess(Task task)
   konum: System.Runtime.CompilerServices.TaskAwaiter.HandleNonSuccessAndDebuggerNotification(Task task)
   konum: Squirrel.FileDownloader.<DownloadUrl>d__3.MoveNext()
--- Özel durumun oluşturulduğu önceki konumdan başlayan yığın izlemesinin sonu ---
   konum: System.Runtime.CompilerServices.TaskAwaiter.ThrowForNonSuccess(Task task)
   konum: System.Runtime.CompilerServices.TaskAwaiter.HandleNonSuccessAndDebuggerNotification(Task task)
   konum: System.Runtime.CompilerServices.TaskAwaiter.ValidateEnd(Task task)
   konum: Squirrel.UpdateManager.CheckForUpdateImpl.<CheckForUpdate>d__2.MoveNext()
2019-07-25 08:09:31> FileDownloader: Downloading url: https://central.github.com/api/deployments/desktop/desktop/latest/RELEASES?version=2.1.0&env=production&id=GitHubDesktop&localVersion=2.1.0&arch=amd64
2019-07-25 08:09:31> IEnableLogger: Failed to download url: https://central.github.com/api/deployments/desktop/desktop/latest/RELEASES?version=2.1.0&env=production&id=GitHubDesktop&localVersion=2.1.0&arch=amd64: System.Net.WebException: Uzak ad çözülemedi: 'central.github.com'
   konum: System.Net.HttpWebRequest.EndGetResponse(IAsyncResult asyncResult)
   konum: System.Net.WebClient.GetWebResponse(WebRequest request, IAsyncResult result)
   konum: System.Net.WebClient.DownloadBitsResponseCallback(IAsyncResult result)
--- Özel durumun oluşturulduğu önceki konumdan başlayan yığın izlemesinin sonu ---
   konum: System.Runtime.CompilerServices.TaskAwaiter.ThrowForNonSuccess(Task task)
   konum: System.Runtime.CompilerServices.TaskAwaiter.HandleNonSuccessAndDebuggerNotification(Task task)
   konum: Squirrel.Utility.<LogIfThrows>d__38`1.MoveNext()
2019-07-25 08:09:31> FileDownloader: Downloading url: https://central.github.com/api/deployments/desktop/desktop/latest/releases?version=2.1.0&env=production&id=githubdesktop&localversion=2.1.0&arch=amd64
2019-07-25 08:09:31> IEnableLogger: Failed to download url: https://central.github.com/api/deployments/desktop/desktop/latest/releases?version=2.1.0&env=production&id=githubdesktop&localversion=2.1.0&arch=amd64: System.Net.WebException: Uzak ad çözülemedi: 'central.github.com'
   konum: System.Net.HttpWebRequest.EndGetResponse(IAsyncResult asyncResult)
   konum: System.Net.WebClient.GetWebResponse(WebRequest request, IAsyncResult result)
   konum: System.Net.WebClient.DownloadBitsResponseCallback(IAsyncResult result)
--- Özel durumun oluşturulduğu önceki konumdan başlayan yığın izlemesinin sonu ---
   konum: System.Runtime.CompilerServices.TaskAwaiter.ThrowForNonSuccess(Task task)
   konum: System.Runtime.CompilerServices.TaskAwaiter.HandleNonSuccessAndDebuggerNotification(Task task)
   konum: Squirrel.Utility.<LogIfThrows>d__38`1.MoveNext()
2019-07-25 08:09:31> CheckForUpdateImpl: Download resulted in WebException (returning blank release list): System.Net.WebException: Uzak ad çözülemedi: 'central.github.com'
   konum: System.Net.HttpWebRequest.EndGetResponse(IAsyncResult asyncResult)
   konum: System.Net.WebClient.GetWebResponse(WebRequest request, IAsyncResult result)
   konum: System.Net.WebClient.DownloadBitsResponseCallback(IAsyncResult result)
--- Özel durumun oluşturulduğu önceki konumdan başlayan yığın izlemesinin sonu ---
   konum: System.Runtime.CompilerServices.TaskAwaiter.ThrowForNonSuccess(Task task)
   konum: System.Runtime.CompilerServices.TaskAwaiter.HandleNonSuccessAndDebuggerNotification(Task task)
   konum: Squirrel.Utility.<LogIfThrows>d__38`1.MoveNext()
--- Özel durumun oluşturulduğu önceki konumdan başlayan yığın izlemesinin sonu ---
   konum: System.Runtime.CompilerServices.TaskAwaiter.ThrowForNonSuccess(Task task)
   konum: System.Runtime.CompilerServices.TaskAwaiter.HandleNonSuccessAndDebuggerNotification(Task task)
   konum: Squirrel.FileDownloader.<DownloadUrl>d__3.MoveNext()
--- Özel durumun oluşturulduğu önceki konumdan başlayan yığın izlemesinin sonu ---
   konum: System.Runtime.CompilerServices.TaskAwaiter.ThrowForNonSuccess(Task task)
   konum: System.Runtime.CompilerServices.TaskAwaiter.HandleNonSuccessAndDebuggerNotification(Task task)
   konum: System.Runtime.CompilerServices.TaskAwaiter.ValidateEnd(Task task)
   konum: Squirrel.UpdateManager.CheckForUpdateImpl.<CheckForUpdate>d__2.MoveNext()
2019-07-25 08:09:31> FileDownloader: Downloading url: https://central.github.com/api/deployments/desktop/desktop/latest/RELEASES?version=2.1.0&env=production&id=GitHubDesktop&localVersion=2.1.0&arch=amd64
2019-07-25 08:09:31> IEnableLogger: Failed to download url: https://central.github.com/api/deployments/desktop/desktop/latest/RELEASES?version=2.1.0&env=production&id=GitHubDesktop&localVersion=2.1.0&arch=amd64: System.Net.WebException: Uzak ad çözülemedi: 'central.github.com'
   konum: System.Net.HttpWebRequest.EndGetResponse(IAsyncResult asyncResult)
   konum: System.Net.WebClient.GetWebResponse(WebRequest request, IAsyncResult result)
   konum: System.Net.WebClient.DownloadBitsResponseCallback(IAsyncResult result)
--- Özel durumun oluşturulduğu önceki konumdan başlayan yığın izlemesinin sonu ---
   konum: System.Runtime.CompilerServices.TaskAwaiter.ThrowForNonSuccess(Task task)
   konum: System.Runtime.CompilerServices.TaskAwaiter.HandleNonSuccessAndDebuggerNotification(Task task)
   konum: Squirrel.Utility.<LogIfThrows>d__38`1.MoveNext()
2019-07-25 08:09:31> FileDownloader: Downloading url: https://central.github.com/api/deployments/desktop/desktop/latest/releases?version=2.1.0&env=production&id=githubdesktop&localversion=2.1.0&arch=amd64
2019-07-25 08:09:31> IEnableLogger: Failed to download url: https://central.github.com/api/deployments/desktop/desktop/latest/releases?version=2.1.0&env=production&id=githubdesktop&localversion=2.1.0&arch=amd64: System.Net.WebException: Uzak ad çözülemedi: 'central.github.com'
   konum: System.Net.HttpWebRequest.EndGetResponse(IAsyncResult asyncResult)
   konum: System.Net.WebClient.GetWebResponse(WebRequest request, IAsyncResult result)
   konum: System.Net.WebClient.DownloadBitsResponseCallback(IAsyncResult result)
--- Özel durumun oluşturulduğu önceki konumdan başlayan yığın izlemesinin sonu ---
   konum: System.Runtime.CompilerServices.TaskAwaiter.ThrowForNonSuccess(Task task)
   konum: System.Runtime.CompilerServices.TaskAwaiter.HandleNonSuccessAndDebuggerNotification(Task task)
   konum: Squirrel.Utility.<LogIfThrows>d__38`1.MoveNext()
2019-07-25 08:09:31> CheckForUpdateImpl: Download resulted in WebException (returning blank release list): System.Net.WebException: Uzak ad çözülemedi: 'central.github.com'
   konum: System.Net.HttpWebRequest.EndGetResponse(IAsyncResult asyncResult)
   konum: System.Net.WebClient.GetWebResponse(WebRequest request, IAsyncResult result)
   konum: System.Net.WebClient.DownloadBitsResponseCallback(IAsyncResult result)
--- Özel durumun oluşturulduğu önceki konumdan başlayan yığın izlemesinin sonu ---
   konum: System.Runtime.CompilerServices.TaskAwaiter.ThrowForNonSuccess(Task task)
   konum: System.Runtime.CompilerServices.TaskAwaiter.HandleNonSuccessAndDebuggerNotification(Task task)
   konum: Squirrel.Utility.<LogIfThrows>d__38`1.MoveNext()
--- Özel durumun oluşturulduğu önceki konumdan başlayan yığın izlemesinin sonu ---
   konum: System.Runtime.CompilerServices.TaskAwaiter.ThrowForNonSuccess(Task task)
   konum: System.Runtime.CompilerServices.TaskAwaiter.HandleNonSuccessAndDebuggerNotification(Task task)
   konum: Squirrel.FileDownloader.<DownloadUrl>d__3.MoveNext()
--- Özel durumun oluşturulduğu önceki konumdan başlayan yığın izlemesinin sonu ---
   konum: System.Runtime.CompilerServices.TaskAwaiter.ThrowForNonSuccess(Task task)
   konum: System.Runtime.CompilerServices.TaskAwaiter.HandleNonSuccessAndDebuggerNotification(Task task)
   konum: System.Runtime.CompilerServices.TaskAwaiter.ValidateEnd(Task task)
   konum: Squirrel.UpdateManager.CheckForUpdateImpl.<CheckForUpdate>d__2.MoveNext()
2019-07-25 08:09:31> FileDownloader: Downloading url: https://central.github.com/api/deployments/desktop/desktop/latest/RELEASES?version=2.1.0&env=production&id=GitHubDesktop&localVersion=2.1.0&arch=amd64
2019-07-25 08:09:31> IEnableLogger: Failed to download url: https://central.github.com/api/deployments/desktop/desktop/latest/RELEASES?version=2.1.0&env=production&id=GitHubDesktop&localVersion=2.1.0&arch=amd64: System.Net.WebException: Uzak ad çözülemedi: 'central.github.com'
   konum: System.Net.HttpWebRequest.EndGetResponse(IAsyncResult asyncResult)
   konum: System.Net.WebClient.GetWebResponse(WebRequest request, IAsyncResult result)
   konum: System.Net.WebClient.DownloadBitsResponseCallback(IAsyncResult result)
--- Özel durumun oluşturulduğu önceki konumdan başlayan yığın izlemesinin sonu ---
   konum: System.Runtime.CompilerServices.TaskAwaiter.ThrowForNonSuccess(Task task)
   konum: System.Runtime.CompilerServices.TaskAwaiter.HandleNonSuccessAndDebuggerNotification(Task task)
   konum: Squirrel.Utility.<LogIfThrows>d__38`1.MoveNext()
2019-07-25 08:09:31> FileDownloader: Downloading url: https://central.github.com/api/deployments/desktop/desktop/latest/releases?version=2.1.0&env=production&id=githubdesktop&localversion=2.1.0&arch=amd64
2019-07-25 08:09:31> IEnableLogger: Failed to download url: https://central.github.com/api/deployments/desktop/desktop/latest/releases?version=2.1.0&env=production&id=githubdesktop&localversion=2.1.0&arch=amd64: System.Net.WebException: Uzak ad çözülemedi: 'central.github.com'
   konum: System.Net.HttpWebRequest.EndGetResponse(IAsyncResult asyncResult)
   konum: System.Net.WebClient.GetWebResponse(WebRequest request, IAsyncResult result)
   konum: System.Net.WebClient.DownloadBitsResponseCallback(IAsyncResult result)
--- Özel durumun oluşturulduğu önceki konumdan başlayan yığın izlemesinin sonu ---
   konum: System.Runtime.CompilerServices.TaskAwaiter.ThrowForNonSuccess(Task task)
   konum: System.Runtime.CompilerServices.TaskAwaiter.HandleNonSuccessAndDebuggerNotification(Task task)
   konum: Squirrel.Utility.<LogIfThrows>d__38`1.MoveNext()
2019-07-25 08:09:31> CheckForUpdateImpl: Download resulted in WebException (returning blank release list): System.Net.WebException: Uzak ad çözülemedi: 'central.github.com'
   konum: System.Net.HttpWebRequest.EndGetResponse(IAsyncResult asyncResult)
   konum: System.Net.WebClient.GetWebResponse(WebRequest request, IAsyncResult result)
   konum: System.Net.WebClient.DownloadBitsResponseCallback(IAsyncResult result)
--- Özel durumun oluşturulduğu önceki konumdan başlayan yığın izlemesinin sonu ---
   konum: System.Runtime.CompilerServices.TaskAwaiter.ThrowForNonSuccess(Task task)
   konum: System.Runtime.CompilerServices.TaskAwaiter.HandleNonSuccessAndDebuggerNotification(Task task)
   konum: Squirrel.Utility.<LogIfThrows>d__38`1.MoveNext()
--- Özel durumun oluşturulduğu önceki konumdan başlayan yığın izlemesinin sonu ---
   konum: System.Runtime.CompilerServices.TaskAwaiter.ThrowForNonSuccess(Task task)
   konum: System.Runtime.CompilerServices.TaskAwaiter.HandleNonSuccessAndDebuggerNotification(Task task)
   konum: Squirrel.FileDownloader.<DownloadUrl>d__3.MoveNext()
--- Özel durumun oluşturulduğu önceki konumdan başlayan yığın izlemesinin sonu ---
   konum: System.Runtime.CompilerServices.TaskAwaiter.ThrowForNonSuccess(Task task)
   konum: System.Runtime.CompilerServices.TaskAwaiter.HandleNonSuccessAndDebuggerNotification(Task task)
   konum: System.Runtime.CompilerServices.TaskAwaiter.ValidateEnd(Task task)
   konum: Squirrel.UpdateManager.CheckForUpdateImpl.<CheckForUpdate>d__2.MoveNext()
2019-07-25 08:09:31> Unhandled exception: System.AggregateException: Bir veya daha fazla hata oluştu. ---> System.Net.WebException: Uzak ad çözülemedi: 'central.github.com'
   konum: System.Net.HttpWebRequest.EndGetResponse(IAsyncResult asyncResult)
   konum: System.Net.WebClient.GetWebResponse(WebRequest request, IAsyncResult result)
   konum: System.Net.WebClient.DownloadBitsResponseCallback(IAsyncResult result)
--- Özel durumun oluşturulduğu önceki konumdan başlayan yığın izlemesinin sonu ---
   konum: System.Runtime.CompilerServices.TaskAwaiter.ThrowForNonSuccess(Task task)
   konum: System.Runtime.CompilerServices.TaskAwaiter.HandleNonSuccessAndDebuggerNotification(Task task)
   konum: Squirrel.Utility.<LogIfThrows>d__38`1.MoveNext()
--- Özel durumun oluşturulduğu önceki konumdan başlayan yığın izlemesinin sonu ---
   konum: System.Runtime.CompilerServices.TaskAwaiter.ThrowForNonSuccess(Task task)
   konum: System.Runtime.CompilerServices.TaskAwaiter.HandleNonSuccessAndDebuggerNotification(Task task)
   konum: Squirrel.FileDownloader.<DownloadUrl>d__3.MoveNext()
--- Özel durumun oluşturulduğu önceki konumdan başlayan yığın izlemesinin sonu ---
   konum: System.Runtime.CompilerServices.TaskAwaiter.ThrowForNonSuccess(Task task)
   konum: System.Runtime.CompilerServices.TaskAwaiter.HandleNonSuccessAndDebuggerNotification(Task task)
   konum: System.Runtime.CompilerServices.TaskAwaiter.ValidateEnd(Task task)
   konum: Squirrel.UpdateManager.CheckForUpdateImpl.<CheckForUpdate>d__2.MoveNext()
--- Özel durumun oluşturulduğu önceki konumdan başlayan yığın izlemesinin sonu ---
   konum: System.Runtime.CompilerServices.TaskAwaiter.ThrowForNonSuccess(Task task)
   konum: System.Runtime.CompilerServices.TaskAwaiter.HandleNonSuccessAndDebuggerNotification(Task task)
   konum: Squirrel.UpdateManager.<CheckForUpdate>d__7.MoveNext()
--- Özel durumun oluşturulduğu önceki konumdan başlayan yığın izlemesinin sonu ---
   konum: System.Runtime.CompilerServices.TaskAwaiter.ThrowForNonSuccess(Task task)
   konum: System.Runtime.CompilerServices.TaskAwaiter.HandleNonSuccessAndDebuggerNotification(Task task)
   konum: Squirrel.Update.Program.<CheckForUpdate>d__8.MoveNext()
   --- İç özel durum yığını izlemesinin sonu ---
   konum: System.Threading.Tasks.Task.ThrowIfExceptional(Boolean includeTaskCanceledExceptions)
   konum: System.Threading.Tasks.Task`1.GetResultCore(Boolean waitCompletionNotification)
   konum: System.Threading.Tasks.Task`1.get_Result()
   konum: Squirrel.Update.Program.executeCommandLine(String[] args)
   konum: Squirrel.Update.Program.main(String[] args)
---> (İç Özel Durum #0) System.Net.WebException: Uzak ad çözülemedi: 'central.github.com'
   konum: System.Net.HttpWebRequest.EndGetResponse(IAsyncResult asyncResult)
   konum: System.Net.WebClient.GetWebResponse(WebRequest request, IAsyncResult result)
   konum: System.Net.WebClient.DownloadBitsResponseCallback(IAsyncResult result)
--- Özel durumun oluşturulduğu önceki konumdan başlayan yığın izlemesinin sonu ---
   konum: System.Runtime.CompilerServices.TaskAwaiter.ThrowForNonSuccess(Task task)
   konum: System.Runtime.CompilerServices.TaskAwaiter.HandleNonSuccessAndDebuggerNotification(Task task)
   konum: Squirrel.Utility.<LogIfThrows>d__38`1.MoveNext()
--- Özel durumun oluşturulduğu önceki konumdan başlayan yığın izlemesinin sonu ---
   konum: System.Runtime.CompilerServices.TaskAwaiter.ThrowForNonSuccess(Task task)
   konum: System.Runtime.CompilerServices.TaskAwaiter.HandleNonSuccessAndDebuggerNotification(Task task)
   konum: Squirrel.FileDownloader.<DownloadUrl>d__3.MoveNext()
--- Özel durumun oluşturulduğu önceki konumdan başlayan yığın izlemesinin sonu ---
   konum: System.Runtime.CompilerServices.TaskAwaiter.ThrowForNonSuccess(Task task)
   konum: System.Runtime.CompilerServices.TaskAwaiter.HandleNonSuccessAndDebuggerNotification(Task task)
   konum: System.Runtime.CompilerServices.TaskAwaiter.ValidateEnd(Task task)
   konum: Squirrel.UpdateManager.CheckForUpdateImpl.<CheckForUpdate>d__2.MoveNext()
--- Özel durumun oluşturulduğu önceki konumdan başlayan yığın izlemesinin sonu ---
   konum: System.Runtime.CompilerServices.TaskAwaiter.ThrowForNonSuccess(Task task)
   konum: System.Runtime.CompilerServices.TaskAwaiter.HandleNonSuccessAndDebuggerNotification(Task task)
   konum: Squirrel.UpdateManager.<CheckForUpdate>d__7.MoveNext()
--- Özel durumun oluşturulduğu önceki konumdan başlayan yığın izlemesinin sonu ---
   konum: System.Runtime.CompilerServices.TaskAwaiter.ThrowForNonSuccess(Task task)
   konum: System.Runtime.CompilerServices.TaskAwaiter.HandleNonSuccessAndDebuggerNotification(Task task)
   konum: Squirrel.Update.Program.<CheckForUpdate>d__8.MoveNext()<---

2019-07-25 09:43:13> Program: Starting Squirrel Updater: --checkForUpdate https://central.github.com/api/deployments/desktop/desktop/latest?version=2.1.0&env=production
2019-07-25 09:43:13> Program: Fetching update information, downloading from https://central.github.com/api/deployments/desktop/desktop/latest?version=2.1.0&env=production
2019-07-25 09:43:13> CheckForUpdateImpl: Using existing staging user ID: b4c60aa8-74a9-5d87-a60c-f26c4cfbfe72
2019-07-25 09:43:13> CheckForUpdateImpl: Downloading RELEASES file from https://central.github.com/api/deployments/desktop/desktop/latest?version=2.1.0&env=production
2019-07-25 09:43:13> FileDownloader: Downloading url: https://central.github.com/api/deployments/desktop/desktop/latest/RELEASES?version=2.1.0&env=production&id=GitHubDesktop&localVersion=2.1.0&arch=amd64
2019-07-31 16:34:07> Program: Starting Squirrel Updater: --checkForUpdate https://central.github.com/api/deployments/desktop/desktop/latest?version=2.1.0&env=production
2019-07-31 16:34:07> Program: Fetching update information, downloading from https://central.github.com/api/deployments/desktop/desktop/latest?version=2.1.0&env=production
2019-07-31 16:34:07> CheckForUpdateImpl: Using existing staging user ID: b4c60aa8-74a9-5d87-a60c-f26c4cfbfe72
2019-07-31 16:34:07> CheckForUpdateImpl: Downloading RELEASES file from https://central.github.com/api/deployments/desktop/desktop/latest?version=2.1.0&env=production
2019-07-31 16:34:07> FileDownloader: Downloading url: https://central.github.com/api/deployments/desktop/desktop/latest/RELEASES?version=2.1.0&env=production&id=GitHubDesktop&localVersion=2.1.0&arch=amd64
